2018-06-13 19:00:34,026 INFO  com.example.demo.DemoApplication Line:50  - Starting DemoApplication on bogon with PID 1474 (started by sunow in /Users/sunow/学习/code/study/ftpserver)
2018-06-13 19:00:34,034 INFO  com.example.demo.DemoApplication Line:659 - No active profile set, falling back to default profiles: default
2018-06-13 19:00:34,093 INFO  org.springframework.boot.web.servlet.context.AnnotationConfigServletWebServerApplicationContext Line:590 - Refreshing org.springframework.boot.web.servlet.context.AnnotationConfigServletWebServerApplicationContext@22bac7bc: startup date [Wed Jun 13 19:00:34 CST 2018]; root of context hierarchy
2018-06-13 19:00:35,359 INFO  org.springframework.boot.web.embedded.tomcat.TomcatWebServer Line:91  - Tomcat initialized with port(s): 8080 (http)
2018-06-13 19:00:35,372 INFO  org.apache.coyote.http11.Http11NioProtocol Line:180 - Initializing ProtocolHandler ["http-nio-8080"]
2018-06-13 19:00:35,387 INFO  org.apache.catalina.core.StandardService Line:180 - Starting service [Tomcat]
2018-06-13 19:00:35,388 INFO  org.apache.catalina.core.StandardEngine Line:180 - Starting Servlet Engine: Apache Tomcat/8.5.31
2018-06-13 19:00:35,394 INFO  org.apache.catalina.core.AprLifecycleListener Line:180 - The APR based Apache Tomcat Native library which allows optimal performance in production environments was not found on the java.library.path: [/Users/sunow/Library/Java/Extensions:/Library/Java/Extensions:/Network/Library/Java/Extensions:/System/Library/Java/Extensions:/usr/lib/java:.]
2018-06-13 19:00:35,466 INFO  org.apache.catalina.core.ContainerBase.[Tomcat].[localhost].[/] Line:180 - Initializing Spring embedded WebApplicationContext
2018-06-13 19:00:35,467 INFO  org.springframework.web.context.ContextLoader Line:285 - Root WebApplicationContext: initialization completed in 1374 ms
2018-06-13 19:00:35,571 INFO  org.springframework.boot.web.servlet.ServletRegistrationBean Line:185 - Servlet dispatcherServlet mapped to [/]
2018-06-13 19:00:35,575 INFO  org.springframework.boot.web.servlet.FilterRegistrationBean Line:244 - Mapping filter: 'characterEncodingFilter' to: [/*]
2018-06-13 19:00:35,576 INFO  org.springframework.boot.web.servlet.FilterRegistrationBean Line:244 - Mapping filter: 'hiddenHttpMethodFilter' to: [/*]
2018-06-13 19:00:35,576 INFO  org.springframework.boot.web.servlet.FilterRegistrationBean Line:244 - Mapping filter: 'httpPutFormContentFilter' to: [/*]
2018-06-13 19:00:35,576 INFO  org.springframework.boot.web.servlet.FilterRegistrationBean Line:244 - Mapping filter: 'requestContextFilter' to: [/*]
2018-06-13 19:00:36,066 INFO  org.springframework.web.servlet.handler.SimpleUrlHandlerMapping Line:373 - Mapped URL path [/**/favicon.ico] onto handler of type [class org.springframework.web.servlet.resource.ResourceHttpRequestHandler]
2018-06-13 19:00:36,398 INFO  org.springframework.web.servlet.mvc.method.annotation.RequestMappingHandlerAdapter Line:574 - Looking for @ControllerAdvice: org.springframework.boot.web.servlet.context.AnnotationConfigServletWebServerApplicationContext@22bac7bc: startup date [Wed Jun 13 19:00:34 CST 2018]; root of context hierarchy
2018-06-13 19:00:36,477 INFO  org.springframework.web.servlet.mvc.method.annotation.RequestMappingHandlerMapping Line:547 - Mapped "{[/ftp/uploadFile],methods=[POST || GET]}" onto public com.example.demo.conf.FastdfsResults com.example.demo.controller.FtpController.uploadFile(javax.servlet.http.HttpServletRequest,javax.servlet.http.HttpServletResponse) throws java.io.IOException
2018-06-13 19:00:36,478 INFO  org.springframework.web.servlet.mvc.method.annotation.RequestMappingHandlerMapping Line:547 - Mapped "{[/ftp/uploadFileTest],methods=[POST || GET]}" onto public java.lang.String com.example.demo.controller.FtpController.uploadFileTest(org.springframework.web.multipart.MultipartFile)
2018-06-13 19:00:36,480 INFO  org.springframework.web.servlet.mvc.method.annotation.RequestMappingHandlerMapping Line:547 - Mapped "{[/error]}" onto public org.springframework.http.ResponseEntity<java.util.Map<java.lang.String, java.lang.Object>> org.springframework.boot.autoconfigure.web.servlet.error.BasicErrorController.error(javax.servlet.http.HttpServletRequest)
2018-06-13 19:00:36,481 INFO  org.springframework.web.servlet.mvc.method.annotation.RequestMappingHandlerMapping Line:547 - Mapped "{[/error],produces=[text/html]}" onto public org.springframework.web.servlet.ModelAndView org.springframework.boot.autoconfigure.web.servlet.error.BasicErrorController.errorHtml(javax.servlet.http.HttpServletRequest,javax.servlet.http.HttpServletResponse)
2018-06-13 19:00:36,506 INFO  org.springframework.web.servlet.handler.SimpleUrlHandlerMapping Line:373 - Mapped URL path [/webjars/**] onto handler of type [class org.springframework.web.servlet.resource.ResourceHttpRequestHandler]
2018-06-13 19:00:36,506 INFO  org.springframework.web.servlet.handler.SimpleUrlHandlerMapping Line:373 - Mapped URL path [/**] onto handler of type [class org.springframework.web.servlet.resource.ResourceHttpRequestHandler]
2018-06-13 19:00:36,782 INFO  org.springframework.jmx.export.annotation.AnnotationMBeanExporter Line:433 - Registering beans for JMX exposure on startup
2018-06-13 19:00:36,784 INFO  org.springframework.jmx.export.annotation.AnnotationMBeanExporter Line:895 - Bean with name 'dataSource' has been autodetected for JMX exposure
2018-06-13 19:00:36,789 INFO  org.springframework.jmx.export.annotation.AnnotationMBeanExporter Line:668 - Located MBean 'dataSource': registering with JMX server as MBean [com.zaxxer.hikari:name=dataSource,type=HikariDataSource]
2018-06-13 19:00:36,799 INFO  org.apache.coyote.http11.Http11NioProtocol Line:180 - Starting ProtocolHandler ["http-nio-8080"]
2018-06-13 19:00:36,824 INFO  org.apache.tomcat.util.net.NioSelectorPool Line:180 - Using a shared selector for servlet write/read
2018-06-13 19:00:36,840 INFO  org.springframework.boot.web.embedded.tomcat.TomcatWebServer Line:206 - Tomcat started on port(s): 8080 (http) with context path ''
2018-06-13 19:00:36,846 INFO  com.example.demo.DemoApplication Line:59  - Started DemoApplication in 4.01 seconds (JVM running for 6.021)
2018-06-13 19:01:37,614 INFO  org.springframework.boot.web.servlet.context.AnnotationConfigServletWebServerApplicationContext Line:993 - Closing org.springframework.boot.web.servlet.context.AnnotationConfigServletWebServerApplicationContext@22bac7bc: startup date [Wed Jun 13 19:00:34 CST 2018]; root of context hierarchy
2018-06-13 19:01:37,620 INFO  org.springframework.jmx.export.annotation.AnnotationMBeanExporter Line:451 - Unregistering JMX-exposed beans on shutdown
2018-06-13 19:01:37,623 INFO  org.springframework.jmx.export.annotation.AnnotationMBeanExporter Line:183 - Unregistering JMX-exposed beans
2018-06-13 19:01:43,287 INFO  com.example.demo.DemoApplication Line:50  - Starting DemoApplication on bogon with PID 1484 (started by sunow in /Users/sunow/学习/code/study/ftpserver)
2018-06-13 19:01:43,293 INFO  com.example.demo.DemoApplication Line:659 - No active profile set, falling back to default profiles: default
2018-06-13 19:01:43,439 INFO  org.springframework.boot.web.servlet.context.AnnotationConfigServletWebServerApplicationContext Line:590 - Refreshing org.springframework.boot.web.servlet.context.AnnotationConfigServletWebServerApplicationContext@10ded6a9: startup date [Wed Jun 13 19:01:43 CST 2018]; root of context hierarchy
2018-06-13 19:01:44,474 INFO  org.springframework.boot.web.embedded.tomcat.TomcatWebServer Line:91  - Tomcat initialized with port(s): 8080 (http)
2018-06-13 19:01:44,487 INFO  org.apache.coyote.http11.Http11NioProtocol Line:180 - Initializing ProtocolHandler ["http-nio-8080"]
2018-06-13 19:01:44,495 INFO  org.apache.catalina.core.StandardService Line:180 - Starting service [Tomcat]
2018-06-13 19:01:44,496 INFO  org.apache.catalina.core.StandardEngine Line:180 - Starting Servlet Engine: Apache Tomcat/8.5.31
2018-06-13 19:01:44,500 INFO  org.apache.catalina.core.AprLifecycleListener Line:180 - The APR based Apache Tomcat Native library which allows optimal performance in production environments was not found on the java.library.path: [/Users/sunow/Library/Java/Extensions:/Library/Java/Extensions:/Network/Library/Java/Extensions:/System/Library/Java/Extensions:/usr/lib/java:.]
2018-06-13 19:01:44,563 INFO  org.apache.catalina.core.ContainerBase.[Tomcat].[localhost].[/] Line:180 - Initializing Spring embedded WebApplicationContext
2018-06-13 19:01:44,564 INFO  org.springframework.web.context.ContextLoader Line:285 - Root WebApplicationContext: initialization completed in 1125 ms
2018-06-13 19:01:44,664 INFO  org.springframework.boot.web.servlet.ServletRegistrationBean Line:185 - Servlet dispatcherServlet mapped to [/]
2018-06-13 19:01:44,670 INFO  org.springframework.boot.web.servlet.FilterRegistrationBean Line:244 - Mapping filter: 'characterEncodingFilter' to: [/*]
2018-06-13 19:01:44,670 INFO  org.springframework.boot.web.servlet.FilterRegistrationBean Line:244 - Mapping filter: 'hiddenHttpMethodFilter' to: [/*]
2018-06-13 19:01:44,670 INFO  org.springframework.boot.web.servlet.FilterRegistrationBean Line:244 - Mapping filter: 'httpPutFormContentFilter' to: [/*]
2018-06-13 19:01:44,671 INFO  org.springframework.boot.web.servlet.FilterRegistrationBean Line:244 - Mapping filter: 'requestContextFilter' to: [/*]
2018-06-13 19:01:45,239 INFO  org.springframework.web.servlet.handler.SimpleUrlHandlerMapping Line:373 - Mapped URL path [/**/favicon.ico] onto handler of type [class org.springframework.web.servlet.resource.ResourceHttpRequestHandler]
2018-06-13 19:01:45,498 INFO  org.springframework.web.servlet.mvc.method.annotation.RequestMappingHandlerAdapter Line:574 - Looking for @ControllerAdvice: org.springframework.boot.web.servlet.context.AnnotationConfigServletWebServerApplicationContext@10ded6a9: startup date [Wed Jun 13 19:01:43 CST 2018]; root of context hierarchy
2018-06-13 19:01:45,546 INFO  org.springframework.web.servlet.mvc.method.annotation.RequestMappingHandlerMapping Line:547 - Mapped "{[/ftp/test],methods=[POST || GET]}" onto public void com.example.demo.controller.FtpController.test()
2018-06-13 19:01:45,548 INFO  org.springframework.web.servlet.mvc.method.annotation.RequestMappingHandlerMapping Line:547 - Mapped "{[/ftp/uploadFile],methods=[POST || GET]}" onto public com.example.demo.conf.FastdfsResults com.example.demo.controller.FtpController.uploadFile(javax.servlet.http.HttpServletRequest,javax.servlet.http.HttpServletResponse) throws java.io.IOException
2018-06-13 19:01:45,549 INFO  org.springframework.web.servlet.mvc.method.annotation.RequestMappingHandlerMapping Line:547 - Mapped "{[/ftp/uploadFileTest],methods=[POST || GET]}" onto public java.lang.String com.example.demo.controller.FtpController.uploadFileTest(org.springframework.web.multipart.MultipartFile)
2018-06-13 19:01:45,550 INFO  org.springframework.web.servlet.mvc.method.annotation.RequestMappingHandlerMapping Line:547 - Mapped "{[/error]}" onto public org.springframework.http.ResponseEntity<java.util.Map<java.lang.String, java.lang.Object>> org.springframework.boot.autoconfigure.web.servlet.error.BasicErrorController.error(javax.servlet.http.HttpServletRequest)
2018-06-13 19:01:45,551 INFO  org.springframework.web.servlet.mvc.method.annotation.RequestMappingHandlerMapping Line:547 - Mapped "{[/error],produces=[text/html]}" onto public org.springframework.web.servlet.ModelAndView org.springframework.boot.autoconfigure.web.servlet.error.BasicErrorController.errorHtml(javax.servlet.http.HttpServletRequest,javax.servlet.http.HttpServletResponse)
2018-06-13 19:01:45,578 INFO  org.springframework.web.servlet.handler.SimpleUrlHandlerMapping Line:373 - Mapped URL path [/webjars/**] onto handler of type [class org.springframework.web.servlet.resource.ResourceHttpRequestHandler]
2018-06-13 19:01:45,578 INFO  org.springframework.web.servlet.handler.SimpleUrlHandlerMapping Line:373 - Mapped URL path [/**] onto handler of type [class org.springframework.web.servlet.resource.ResourceHttpRequestHandler]
2018-06-13 19:01:45,805 INFO  org.springframework.jmx.export.annotation.AnnotationMBeanExporter Line:433 - Registering beans for JMX exposure on startup
2018-06-13 19:01:45,807 INFO  org.springframework.jmx.export.annotation.AnnotationMBeanExporter Line:895 - Bean with name 'dataSource' has been autodetected for JMX exposure
2018-06-13 19:01:45,812 INFO  org.springframework.jmx.export.annotation.AnnotationMBeanExporter Line:668 - Located MBean 'dataSource': registering with JMX server as MBean [com.zaxxer.hikari:name=dataSource,type=HikariDataSource]
2018-06-13 19:01:45,821 INFO  org.apache.coyote.http11.Http11NioProtocol Line:180 - Starting ProtocolHandler ["http-nio-8080"]
2018-06-13 19:01:45,843 INFO  org.apache.tomcat.util.net.NioSelectorPool Line:180 - Using a shared selector for servlet write/read
2018-06-13 19:01:45,862 INFO  org.springframework.boot.web.embedded.tomcat.TomcatWebServer Line:206 - Tomcat started on port(s): 8080 (http) with context path ''
2018-06-13 19:01:45,867 INFO  com.example.demo.DemoApplication Line:59  - Started DemoApplication in 3.511 seconds (JVM running for 4.407)
2018-06-13 19:02:06,035 INFO  org.apache.catalina.core.ContainerBase.[Tomcat].[localhost].[/] Line:180 - Initializing Spring FrameworkServlet 'dispatcherServlet'
2018-06-13 19:02:06,036 INFO  org.springframework.web.servlet.DispatcherServlet Line:494 - FrameworkServlet 'dispatcherServlet': initialization started
2018-06-13 19:02:06,058 INFO  org.springframework.web.servlet.DispatcherServlet Line:509 - FrameworkServlet 'dispatcherServlet': initialization completed in 21 ms
2018-06-13 19:02:06,087 INFO  com.example.demo.controller.FtpController Line:90  - qqqq
2018-06-13 09:04:54,064 INFO  org.springframework.boot.web.servlet.context.AnnotationConfigServletWebServerApplicationContext Line:993 - Closing org.springframework.boot.web.servlet.context.AnnotationConfigServletWebServerApplicationContext@10ded6a9: startup date [Wed Jun 13 19:01:43 CST 2018]; root of context hierarchy
2018-06-13 09:04:54,124 INFO  org.springframework.jmx.export.annotation.AnnotationMBeanExporter Line:451 - Unregistering JMX-exposed beans on shutdown
2018-06-13 09:04:54,127 INFO  org.springframework.jmx.export.annotation.AnnotationMBeanExporter Line:183 - Unregistering JMX-exposed beans
2018-06-13 09:04:57,286 INFO  com.example.demo.DemoApplication Line:50  - Starting DemoApplication on bogon with PID 2153 (started by sunow in /Users/sunow/学习/code/study/ftpserver)
2018-06-13 09:04:57,293 INFO  com.example.demo.DemoApplication Line:659 - No active profile set, falling back to default profiles: default
2018-06-13 09:04:57,463 INFO  org.springframework.boot.web.servlet.context.AnnotationConfigServletWebServerApplicationContext Line:590 - Refreshing org.springframework.boot.web.servlet.context.AnnotationConfigServletWebServerApplicationContext@710f4dc7: startup date [Wed Jun 13 09:04:57 CST 2018]; root of context hierarchy
2018-06-13 09:04:58,632 INFO  org.springframework.boot.web.embedded.tomcat.TomcatWebServer Line:91  - Tomcat initialized with port(s): 8080 (http)
2018-06-13 09:04:58,651 INFO  org.apache.coyote.http11.Http11NioProtocol Line:180 - Initializing ProtocolHandler ["http-nio-8080"]
2018-06-13 09:04:58,662 INFO  org.apache.catalina.core.StandardService Line:180 - Starting service [Tomcat]
2018-06-13 09:04:58,663 INFO  org.apache.catalina.core.StandardEngine Line:180 - Starting Servlet Engine: Apache Tomcat/8.5.31
2018-06-13 09:04:58,667 INFO  org.apache.catalina.core.AprLifecycleListener Line:180 - The APR based Apache Tomcat Native library which allows optimal performance in production environments was not found on the java.library.path: [/Users/sunow/Library/Java/Extensions:/Library/Java/Extensions:/Network/Library/Java/Extensions:/System/Library/Java/Extensions:/usr/lib/java:.]
2018-06-13 09:04:58,756 INFO  org.apache.catalina.core.ContainerBase.[Tomcat].[localhost].[/] Line:180 - Initializing Spring embedded WebApplicationContext
2018-06-13 09:04:58,757 INFO  org.springframework.web.context.ContextLoader Line:285 - Root WebApplicationContext: initialization completed in 1294 ms
2018-06-13 09:04:58,846 INFO  org.springframework.boot.web.servlet.ServletRegistrationBean Line:185 - Servlet dispatcherServlet mapped to [/]
2018-06-13 09:04:58,850 INFO  org.springframework.boot.web.servlet.FilterRegistrationBean Line:244 - Mapping filter: 'characterEncodingFilter' to: [/*]
2018-06-13 09:04:58,851 INFO  org.springframework.boot.web.servlet.FilterRegistrationBean Line:244 - Mapping filter: 'hiddenHttpMethodFilter' to: [/*]
2018-06-13 09:04:58,851 INFO  org.springframework.boot.web.servlet.FilterRegistrationBean Line:244 - Mapping filter: 'httpPutFormContentFilter' to: [/*]
2018-06-13 09:04:58,852 INFO  org.springframework.boot.web.servlet.FilterRegistrationBean Line:244 - Mapping filter: 'requestContextFilter' to: [/*]
2018-06-13 09:04:59,324 INFO  org.springframework.web.servlet.handler.SimpleUrlHandlerMapping Line:373 - Mapped URL path [/**/favicon.ico] onto handler of type [class org.springframework.web.servlet.resource.ResourceHttpRequestHandler]
2018-06-13 09:04:59,493 INFO  org.springframework.web.servlet.mvc.method.annotation.RequestMappingHandlerAdapter Line:574 - Looking for @ControllerAdvice: org.springframework.boot.web.servlet.context.AnnotationConfigServletWebServerApplicationContext@710f4dc7: startup date [Wed Jun 13 09:04:57 CST 2018]; root of context hierarchy
2018-06-13 09:04:59,675 INFO  org.springframework.web.servlet.mvc.method.annotation.RequestMappingHandlerMapping Line:547 - Mapped "{[/ftp/test],methods=[POST || GET]}" onto public void com.example.demo.controller.FtpController.test()
2018-06-13 09:04:59,677 INFO  org.springframework.web.servlet.mvc.method.annotation.RequestMappingHandlerMapping Line:547 - Mapped "{[/ftp/uploadFileTest],methods=[POST || GET]}" onto public java.lang.String com.example.demo.controller.FtpController.uploadFileTest(org.springframework.web.multipart.MultipartFile)
2018-06-13 09:04:59,678 INFO  org.springframework.web.servlet.mvc.method.annotation.RequestMappingHandlerMapping Line:547 - Mapped "{[/ftp/uploadFile],methods=[POST || GET]}" onto public com.example.demo.conf.FastdfsResults com.example.demo.controller.FtpController.uploadFile(javax.servlet.http.HttpServletRequest,javax.servlet.http.HttpServletResponse) throws java.io.IOException
2018-06-13 09:04:59,680 INFO  org.springframework.web.servlet.mvc.method.annotation.RequestMappingHandlerMapping Line:547 - Mapped "{[/error]}" onto public org.springframework.http.ResponseEntity<java.util.Map<java.lang.String, java.lang.Object>> org.springframework.boot.autoconfigure.web.servlet.error.BasicErrorController.error(javax.servlet.http.HttpServletRequest)
2018-06-13 09:04:59,681 INFO  org.springframework.web.servlet.mvc.method.annotation.RequestMappingHandlerMapping Line:547 - Mapped "{[/error],produces=[text/html]}" onto public org.springframework.web.servlet.ModelAndView org.springframework.boot.autoconfigure.web.servlet.error.BasicErrorController.errorHtml(javax.servlet.http.HttpServletRequest,javax.servlet.http.HttpServletResponse)
2018-06-13 09:04:59,705 INFO  org.springframework.web.servlet.handler.SimpleUrlHandlerMapping Line:373 - Mapped URL path [/webjars/**] onto handler of type [class org.springframework.web.servlet.resource.ResourceHttpRequestHandler]
2018-06-13 09:04:59,705 INFO  org.springframework.web.servlet.handler.SimpleUrlHandlerMapping Line:373 - Mapped URL path [/**] onto handler of type [class org.springframework.web.servlet.resource.ResourceHttpRequestHandler]
2018-06-13 09:04:59,913 INFO  org.springframework.jmx.export.annotation.AnnotationMBeanExporter Line:433 - Registering beans for JMX exposure on startup
2018-06-13 09:04:59,915 INFO  org.springframework.jmx.export.annotation.AnnotationMBeanExporter Line:895 - Bean with name 'dataSource' has been autodetected for JMX exposure
2018-06-13 09:04:59,920 INFO  org.springframework.jmx.export.annotation.AnnotationMBeanExporter Line:668 - Located MBean 'dataSource': registering with JMX server as MBean [com.zaxxer.hikari:name=dataSource,type=HikariDataSource]
2018-06-13 09:04:59,930 INFO  org.apache.coyote.http11.Http11NioProtocol Line:180 - Starting ProtocolHandler ["http-nio-8080"]
2018-06-13 09:04:59,953 INFO  org.apache.tomcat.util.net.NioSelectorPool Line:180 - Using a shared selector for servlet write/read
2018-06-13 09:04:59,965 INFO  org.springframework.boot.web.embedded.tomcat.TomcatWebServer Line:206 - Tomcat started on port(s): 8080 (http) with context path ''
2018-06-13 09:04:59,969 INFO  com.example.demo.DemoApplication Line:59  - Started DemoApplication in 3.484 seconds (JVM running for 4.527)
2018-06-13 09:06:00,400 INFO  org.apache.catalina.core.ContainerBase.[Tomcat].[localhost].[/] Line:180 - Initializing Spring FrameworkServlet 'dispatcherServlet'
2018-06-13 09:06:00,400 INFO  org.springframework.web.servlet.DispatcherServlet Line:494 - FrameworkServlet 'dispatcherServlet': initialization started
2018-06-13 09:06:00,414 INFO  org.springframework.web.servlet.DispatcherServlet Line:509 - FrameworkServlet 'dispatcherServlet': initialization completed in 14 ms
2018-06-13 09:06:09,870 INFO  com.example.demo.controller.FtpController Line:90  - qqqq
2018-06-13 09:06:48,351 INFO  org.springframework.boot.web.servlet.context.AnnotationConfigServletWebServerApplicationContext Line:993 - Closing org.springframework.boot.web.servlet.context.AnnotationConfigServletWebServerApplicationContext@710f4dc7: startup date [Wed Jun 13 09:04:57 CST 2018]; root of context hierarchy
2018-06-13 09:06:48,356 INFO  org.springframework.jmx.export.annotation.AnnotationMBeanExporter Line:451 - Unregistering JMX-exposed beans on shutdown
2018-06-13 09:06:48,357 INFO  org.springframework.jmx.export.annotation.AnnotationMBeanExporter Line:183 - Unregistering JMX-exposed beans
2018-06-13 17:50:04,738 INFO  com.example.demo.DemoApplicationTests Line:50  - Starting DemoApplicationTests on bogon with PID 5833 (started by sunow in /Users/sunow/学习/code/study/ftpserver)
2018-06-13 17:50:04,741 INFO  com.example.demo.DemoApplicationTests Line:659 - No active profile set, falling back to default profiles: default
2018-06-13 17:50:04,789 INFO  org.springframework.web.context.support.GenericWebApplicationContext Line:590 - Refreshing org.springframework.web.context.support.GenericWebApplicationContext@1722011b: startup date [Wed Jun 13 17:50:04 CST 2018]; root of context hierarchy
2018-06-13 17:50:06,497 INFO  org.springframework.web.servlet.handler.SimpleUrlHandlerMapping Line:373 - Mapped URL path [/**/favicon.ico] onto handler of type [class org.springframework.web.servlet.resource.ResourceHttpRequestHandler]
2018-06-13 17:50:06,689 INFO  org.springframework.web.servlet.mvc.method.annotation.RequestMappingHandlerAdapter Line:574 - Looking for @ControllerAdvice: org.springframework.web.context.support.GenericWebApplicationContext@1722011b: startup date [Wed Jun 13 17:50:04 CST 2018]; root of context hierarchy
2018-06-13 17:50:06,763 INFO  org.springframework.web.servlet.mvc.method.annotation.RequestMappingHandlerMapping Line:547 - Mapped "{[/ftp/uploadFile],methods=[POST || GET]}" onto public com.example.demo.conf.FastdfsResults com.example.demo.controller.FtpController.uploadFile(javax.servlet.http.HttpServletRequest,javax.servlet.http.HttpServletResponse) throws java.io.IOException
2018-06-13 17:50:06,764 INFO  org.springframework.web.servlet.mvc.method.annotation.RequestMappingHandlerMapping Line:547 - Mapped "{[/ftp/uploadFileTest],methods=[POST || GET]}" onto public java.lang.String com.example.demo.controller.FtpController.uploadFileTest(org.springframework.web.multipart.MultipartFile)
2018-06-13 17:50:06,768 INFO  org.springframework.web.servlet.mvc.method.annotation.RequestMappingHandlerMapping Line:547 - Mapped "{[/error]}" onto public org.springframework.http.ResponseEntity<java.util.Map<java.lang.String, java.lang.Object>> org.springframework.boot.autoconfigure.web.servlet.error.BasicErrorController.error(javax.servlet.http.HttpServletRequest)
2018-06-13 17:50:06,772 INFO  org.springframework.web.servlet.mvc.method.annotation.RequestMappingHandlerMapping Line:547 - Mapped "{[/error],produces=[text/html]}" onto public org.springframework.web.servlet.ModelAndView org.springframework.boot.autoconfigure.web.servlet.error.BasicErrorController.errorHtml(javax.servlet.http.HttpServletRequest,javax.servlet.http.HttpServletResponse)
2018-06-13 17:50:06,826 INFO  org.springframework.web.servlet.handler.SimpleUrlHandlerMapping Line:373 - Mapped URL path [/webjars/**] onto handler of type [class org.springframework.web.servlet.resource.ResourceHttpRequestHandler]
2018-06-13 17:50:06,827 INFO  org.springframework.web.servlet.handler.SimpleUrlHandlerMapping Line:373 - Mapped URL path [/**] onto handler of type [class org.springframework.web.servlet.resource.ResourceHttpRequestHandler]
2018-06-13 17:50:07,098 INFO  com.example.demo.DemoApplicationTests Line:59  - Started DemoApplicationTests in 2.9 seconds (JVM running for 3.796)
2018-06-13 17:50:07,261 INFO  org.springframework.web.context.support.GenericWebApplicationContext Line:993 - Closing org.springframework.web.context.support.GenericWebApplicationContext@1722011b: startup date [Wed Jun 13 17:50:04 CST 2018]; root of context hierarchy
2018-06-13 18:04:06,261 INFO  com.example.demo.DemoApplicationTests Line:50  - Starting DemoApplicationTests on bogon with PID 6669 (started by sunow in /Users/sunow/学习/code/study/ftpserver)
2018-06-13 18:04:06,264 INFO  com.example.demo.DemoApplicationTests Line:659 - No active profile set, falling back to default profiles: default
2018-06-13 18:04:06,308 INFO  org.springframework.web.context.support.GenericWebApplicationContext Line:590 - Refreshing org.springframework.web.context.support.GenericWebApplicationContext@6e15fe2: startup date [Wed Jun 13 18:04:06 CST 2018]; root of context hierarchy
2018-06-13 18:04:07,960 INFO  org.springframework.web.servlet.handler.SimpleUrlHandlerMapping Line:373 - Mapped URL path [/**/favicon.ico] onto handler of type [class org.springframework.web.servlet.resource.ResourceHttpRequestHandler]
2018-06-13 18:04:08,149 INFO  org.springframework.web.servlet.mvc.method.annotation.RequestMappingHandlerAdapter Line:574 - Looking for @ControllerAdvice: org.springframework.web.context.support.GenericWebApplicationContext@6e15fe2: startup date [Wed Jun 13 18:04:06 CST 2018]; root of context hierarchy
2018-06-13 18:04:08,225 INFO  org.springframework.web.servlet.mvc.method.annotation.RequestMappingHandlerMapping Line:547 - Mapped "{[/ftp/uploadFile],methods=[POST || GET]}" onto public com.example.demo.conf.FastdfsResults com.example.demo.controller.FtpController.uploadFile(javax.servlet.http.HttpServletRequest,javax.servlet.http.HttpServletResponse) throws java.io.IOException
2018-06-13 18:04:08,227 INFO  org.springframework.web.servlet.mvc.method.annotation.RequestMappingHandlerMapping Line:547 - Mapped "{[/ftp/uploadFileTest],methods=[POST || GET]}" onto public java.lang.String com.example.demo.controller.FtpController.uploadFileTest(org.springframework.web.multipart.MultipartFile)
2018-06-13 18:04:08,230 INFO  org.springframework.web.servlet.mvc.method.annotation.RequestMappingHandlerMapping Line:547 - Mapped "{[/error]}" onto public org.springframework.http.ResponseEntity<java.util.Map<java.lang.String, java.lang.Object>> org.springframework.boot.autoconfigure.web.servlet.error.BasicErrorController.error(javax.servlet.http.HttpServletRequest)
2018-06-13 18:04:08,231 INFO  org.springframework.web.servlet.mvc.method.annotation.RequestMappingHandlerMapping Line:547 - Mapped "{[/error],produces=[text/html]}" onto public org.springframework.web.servlet.ModelAndView org.springframework.boot.autoconfigure.web.servlet.error.BasicErrorController.errorHtml(javax.servlet.http.HttpServletRequest,javax.servlet.http.HttpServletResponse)
2018-06-13 18:04:08,272 INFO  org.springframework.web.servlet.handler.SimpleUrlHandlerMapping Line:373 - Mapped URL path [/webjars/**] onto handler of type [class org.springframework.web.servlet.resource.ResourceHttpRequestHandler]
2018-06-13 18:04:08,272 INFO  org.springframework.web.servlet.handler.SimpleUrlHandlerMapping Line:373 - Mapped URL path [/**] onto handler of type [class org.springframework.web.servlet.resource.ResourceHttpRequestHandler]
2018-06-13 18:04:08,577 INFO  com.example.demo.DemoApplicationTests Line:59  - Started DemoApplicationTests in 2.816 seconds (JVM running for 3.756)
2018-06-13 18:04:08,846 INFO  org.springframework.web.context.support.GenericWebApplicationContext Line:993 - Closing org.springframework.web.context.support.GenericWebApplicationContext@6e15fe2: startup date [Wed Jun 13 18:04:06 CST 2018]; root of context hierarchy
