[2018-06-13 19:00:34] [INFO ] [com.example.demo.DemoApplication:50]-- Starting DemoApplication on bogon with PID 1474 (started by sunow in /Users/sunow/学习/code/study/ftpserver)
[2018-06-13 19:00:34] [INFO ] [com.example.demo.DemoApplication:659]-- No active profile set, falling back to default profiles: default
[2018-06-13 19:00:34] [INFO ] [org.springframework.boot.web.servlet.context.AnnotationConfigServletWebServerApplicationContext:590]-- Refreshing org.springframework.boot.web.servlet.context.AnnotationConfigServletWebServerApplicationContext@22bac7bc: startup date [Wed Jun 13 19:00:34 CST 2018]; root of context hierarchy
[2018-06-13 19:00:35] [INFO ] [org.springframework.boot.web.embedded.tomcat.TomcatWebServer:91]-- Tomcat initialized with port(s): 8080 (http)
[2018-06-13 19:00:35] [INFO ] [org.apache.coyote.http11.Http11NioProtocol:180]-- Initializing ProtocolHandler ["http-nio-8080"]
[2018-06-13 19:00:35] [INFO ] [org.apache.catalina.core.StandardService:180]-- Starting service [Tomcat]
[2018-06-13 19:00:35] [INFO ] [org.apache.catalina.core.StandardEngine:180]-- Starting Servlet Engine: Apache Tomcat/8.5.31
[2018-06-13 19:00:35] [INFO ] [org.apache.catalina.core.AprLifecycleListener:180]-- The APR based Apache Tomcat Native library which allows optimal performance in production environments was not found on the java.library.path: [/Users/sunow/Library/Java/Extensions:/Library/Java/Extensions:/Network/Library/Java/Extensions:/System/Library/Java/Extensions:/usr/lib/java:.]
[2018-06-13 19:00:35] [INFO ] [org.apache.catalina.core.ContainerBase.[Tomcat].[localhost].[/]:180]-- Initializing Spring embedded WebApplicationContext
[2018-06-13 19:00:35] [INFO ] [org.springframework.web.context.ContextLoader:285]-- Root WebApplicationContext: initialization completed in 1374 ms
[2018-06-13 19:00:35] [INFO ] [org.springframework.boot.web.servlet.ServletRegistrationBean:185]-- Servlet dispatcherServlet mapped to [/]
[2018-06-13 19:00:35] [INFO ] [org.springframework.boot.web.servlet.FilterRegistrationBean:244]-- Mapping filter: 'characterEncodingFilter' to: [/*]
[2018-06-13 19:00:35] [INFO ] [org.springframework.boot.web.servlet.FilterRegistrationBean:244]-- Mapping filter: 'hiddenHttpMethodFilter' to: [/*]
[2018-06-13 19:00:35] [INFO ] [org.springframework.boot.web.servlet.FilterRegistrationBean:244]-- Mapping filter: 'httpPutFormContentFilter' to: [/*]
[2018-06-13 19:00:35] [INFO ] [org.springframework.boot.web.servlet.FilterRegistrationBean:244]-- Mapping filter: 'requestContextFilter' to: [/*]
[2018-06-13 19:00:36] [INFO ] [org.springframework.web.servlet.handler.SimpleUrlHandlerMapping:373]-- Mapped URL path [/**/favicon.ico] onto handler of type [class org.springframework.web.servlet.resource.ResourceHttpRequestHandler]
[2018-06-13 19:00:36] [INFO ] [org.springframework.web.servlet.mvc.method.annotation.RequestMappingHandlerAdapter:574]-- Looking for @ControllerAdvice: org.springframework.boot.web.servlet.context.AnnotationConfigServletWebServerApplicationContext@22bac7bc: startup date [Wed Jun 13 19:00:34 CST 2018]; root of context hierarchy
[2018-06-13 19:00:36] [INFO ] [org.springframework.web.servlet.mvc.method.annotation.RequestMappingHandlerMapping:547]-- Mapped "{[/ftp/uploadFile],methods=[POST || GET]}" onto public com.example.demo.conf.FastdfsResults com.example.demo.controller.FtpController.uploadFile(javax.servlet.http.HttpServletRequest,javax.servlet.http.HttpServletResponse) throws java.io.IOException
[2018-06-13 19:00:36] [INFO ] [org.springframework.web.servlet.mvc.method.annotation.RequestMappingHandlerMapping:547]-- Mapped "{[/ftp/uploadFileTest],methods=[POST || GET]}" onto public java.lang.String com.example.demo.controller.FtpController.uploadFileTest(org.springframework.web.multipart.MultipartFile)
[2018-06-13 19:00:36] [INFO ] [org.springframework.web.servlet.mvc.method.annotation.RequestMappingHandlerMapping:547]-- Mapped "{[/error]}" onto public org.springframework.http.ResponseEntity<java.util.Map<java.lang.String, java.lang.Object>> org.springframework.boot.autoconfigure.web.servlet.error.BasicErrorController.error(javax.servlet.http.HttpServletRequest)
[2018-06-13 19:00:36] [INFO ] [org.springframework.web.servlet.mvc.method.annotation.RequestMappingHandlerMapping:547]-- Mapped "{[/error],produces=[text/html]}" onto public org.springframework.web.servlet.ModelAndView org.springframework.boot.autoconfigure.web.servlet.error.BasicErrorController.errorHtml(javax.servlet.http.HttpServletRequest,javax.servlet.http.HttpServletResponse)
[2018-06-13 19:00:36] [INFO ] [org.springframework.web.servlet.handler.SimpleUrlHandlerMapping:373]-- Mapped URL path [/webjars/**] onto handler of type [class org.springframework.web.servlet.resource.ResourceHttpRequestHandler]
[2018-06-13 19:00:36] [INFO ] [org.springframework.web.servlet.handler.SimpleUrlHandlerMapping:373]-- Mapped URL path [/**] onto handler of type [class org.springframework.web.servlet.resource.ResourceHttpRequestHandler]
[2018-06-13 19:00:36] [INFO ] [org.springframework.jmx.export.annotation.AnnotationMBeanExporter:433]-- Registering beans for JMX exposure on startup
[2018-06-13 19:00:36] [INFO ] [org.springframework.jmx.export.annotation.AnnotationMBeanExporter:895]-- Bean with name 'dataSource' has been autodetected for JMX exposure
[2018-06-13 19:00:36] [INFO ] [org.springframework.jmx.export.annotation.AnnotationMBeanExporter:668]-- Located MBean 'dataSource': registering with JMX server as MBean [com.zaxxer.hikari:name=dataSource,type=HikariDataSource]
[2018-06-13 19:00:36] [INFO ] [org.apache.coyote.http11.Http11NioProtocol:180]-- Starting ProtocolHandler ["http-nio-8080"]
[2018-06-13 19:00:36] [INFO ] [org.apache.tomcat.util.net.NioSelectorPool:180]-- Using a shared selector for servlet write/read
[2018-06-13 19:00:36] [INFO ] [org.springframework.boot.web.embedded.tomcat.TomcatWebServer:206]-- Tomcat started on port(s): 8080 (http) with context path ''
[2018-06-13 19:00:36] [INFO ] [com.example.demo.DemoApplication:59]-- Started DemoApplication in 4.01 seconds (JVM running for 6.021)
[2018-06-13 19:01:37] [INFO ] [org.springframework.boot.web.servlet.context.AnnotationConfigServletWebServerApplicationContext:993]-- Closing org.springframework.boot.web.servlet.context.AnnotationConfigServletWebServerApplicationContext@22bac7bc: startup date [Wed Jun 13 19:00:34 CST 2018]; root of context hierarchy
[2018-06-13 19:01:37] [INFO ] [org.springframework.jmx.export.annotation.AnnotationMBeanExporter:451]-- Unregistering JMX-exposed beans on shutdown
[2018-06-13 19:01:37] [INFO ] [org.springframework.jmx.export.annotation.AnnotationMBeanExporter:183]-- Unregistering JMX-exposed beans
[2018-06-13 19:01:43] [INFO ] [com.example.demo.DemoApplication:50]-- Starting DemoApplication on bogon with PID 1484 (started by sunow in /Users/sunow/学习/code/study/ftpserver)
[2018-06-13 19:01:43] [INFO ] [com.example.demo.DemoApplication:659]-- No active profile set, falling back to default profiles: default
[2018-06-13 19:01:43] [INFO ] [org.springframework.boot.web.servlet.context.AnnotationConfigServletWebServerApplicationContext:590]-- Refreshing org.springframework.boot.web.servlet.context.AnnotationConfigServletWebServerApplicationContext@10ded6a9: startup date [Wed Jun 13 19:01:43 CST 2018]; root of context hierarchy
[2018-06-13 19:01:44] [INFO ] [org.springframework.boot.web.embedded.tomcat.TomcatWebServer:91]-- Tomcat initialized with port(s): 8080 (http)
[2018-06-13 19:01:44] [INFO ] [org.apache.coyote.http11.Http11NioProtocol:180]-- Initializing ProtocolHandler ["http-nio-8080"]
[2018-06-13 19:01:44] [INFO ] [org.apache.catalina.core.StandardService:180]-- Starting service [Tomcat]
[2018-06-13 19:01:44] [INFO ] [org.apache.catalina.core.StandardEngine:180]-- Starting Servlet Engine: Apache Tomcat/8.5.31
[2018-06-13 19:01:44] [INFO ] [org.apache.catalina.core.AprLifecycleListener:180]-- The APR based Apache Tomcat Native library which allows optimal performance in production environments was not found on the java.library.path: [/Users/sunow/Library/Java/Extensions:/Library/Java/Extensions:/Network/Library/Java/Extensions:/System/Library/Java/Extensions:/usr/lib/java:.]
[2018-06-13 19:01:44] [INFO ] [org.apache.catalina.core.ContainerBase.[Tomcat].[localhost].[/]:180]-- Initializing Spring embedded WebApplicationContext
[2018-06-13 19:01:44] [INFO ] [org.springframework.web.context.ContextLoader:285]-- Root WebApplicationContext: initialization completed in 1125 ms
[2018-06-13 19:01:44] [INFO ] [org.springframework.boot.web.servlet.ServletRegistrationBean:185]-- Servlet dispatcherServlet mapped to [/]
[2018-06-13 19:01:44] [INFO ] [org.springframework.boot.web.servlet.FilterRegistrationBean:244]-- Mapping filter: 'characterEncodingFilter' to: [/*]
[2018-06-13 19:01:44] [INFO ] [org.springframework.boot.web.servlet.FilterRegistrationBean:244]-- Mapping filter: 'hiddenHttpMethodFilter' to: [/*]
[2018-06-13 19:01:44] [INFO ] [org.springframework.boot.web.servlet.FilterRegistrationBean:244]-- Mapping filter: 'httpPutFormContentFilter' to: [/*]
[2018-06-13 19:01:44] [INFO ] [org.springframework.boot.web.servlet.FilterRegistrationBean:244]-- Mapping filter: 'requestContextFilter' to: [/*]
[2018-06-13 19:01:45] [INFO ] [org.springframework.web.servlet.handler.SimpleUrlHandlerMapping:373]-- Mapped URL path [/**/favicon.ico] onto handler of type [class org.springframework.web.servlet.resource.ResourceHttpRequestHandler]
[2018-06-13 19:01:45] [INFO ] [org.springframework.web.servlet.mvc.method.annotation.RequestMappingHandlerAdapter:574]-- Looking for @ControllerAdvice: org.springframework.boot.web.servlet.context.AnnotationConfigServletWebServerApplicationContext@10ded6a9: startup date [Wed Jun 13 19:01:43 CST 2018]; root of context hierarchy
[2018-06-13 19:01:45] [INFO ] [org.springframework.web.servlet.mvc.method.annotation.RequestMappingHandlerMapping:547]-- Mapped "{[/ftp/test],methods=[POST || GET]}" onto public void com.example.demo.controller.FtpController.test()
[2018-06-13 19:01:45] [INFO ] [org.springframework.web.servlet.mvc.method.annotation.RequestMappingHandlerMapping:547]-- Mapped "{[/ftp/uploadFile],methods=[POST || GET]}" onto public com.example.demo.conf.FastdfsResults com.example.demo.controller.FtpController.uploadFile(javax.servlet.http.HttpServletRequest,javax.servlet.http.HttpServletResponse) throws java.io.IOException
[2018-06-13 19:01:45] [INFO ] [org.springframework.web.servlet.mvc.method.annotation.RequestMappingHandlerMapping:547]-- Mapped "{[/ftp/uploadFileTest],methods=[POST || GET]}" onto public java.lang.String com.example.demo.controller.FtpController.uploadFileTest(org.springframework.web.multipart.MultipartFile)
[2018-06-13 19:01:45] [INFO ] [org.springframework.web.servlet.mvc.method.annotation.RequestMappingHandlerMapping:547]-- Mapped "{[/error]}" onto public org.springframework.http.ResponseEntity<java.util.Map<java.lang.String, java.lang.Object>> org.springframework.boot.autoconfigure.web.servlet.error.BasicErrorController.error(javax.servlet.http.HttpServletRequest)
[2018-06-13 19:01:45] [INFO ] [org.springframework.web.servlet.mvc.method.annotation.RequestMappingHandlerMapping:547]-- Mapped "{[/error],produces=[text/html]}" onto public org.springframework.web.servlet.ModelAndView org.springframework.boot.autoconfigure.web.servlet.error.BasicErrorController.errorHtml(javax.servlet.http.HttpServletRequest,javax.servlet.http.HttpServletResponse)
[2018-06-13 19:01:45] [INFO ] [org.springframework.web.servlet.handler.SimpleUrlHandlerMapping:373]-- Mapped URL path [/webjars/**] onto handler of type [class org.springframework.web.servlet.resource.ResourceHttpRequestHandler]
[2018-06-13 19:01:45] [INFO ] [org.springframework.web.servlet.handler.SimpleUrlHandlerMapping:373]-- Mapped URL path [/**] onto handler of type [class org.springframework.web.servlet.resource.ResourceHttpRequestHandler]
[2018-06-13 19:01:45] [INFO ] [org.springframework.jmx.export.annotation.AnnotationMBeanExporter:433]-- Registering beans for JMX exposure on startup
[2018-06-13 19:01:45] [INFO ] [org.springframework.jmx.export.annotation.AnnotationMBeanExporter:895]-- Bean with name 'dataSource' has been autodetected for JMX exposure
[2018-06-13 19:01:45] [INFO ] [org.springframework.jmx.export.annotation.AnnotationMBeanExporter:668]-- Located MBean 'dataSource': registering with JMX server as MBean [com.zaxxer.hikari:name=dataSource,type=HikariDataSource]
[2018-06-13 19:01:45] [INFO ] [org.apache.coyote.http11.Http11NioProtocol:180]-- Starting ProtocolHandler ["http-nio-8080"]
[2018-06-13 19:01:45] [INFO ] [org.apache.tomcat.util.net.NioSelectorPool:180]-- Using a shared selector for servlet write/read
[2018-06-13 19:01:45] [INFO ] [org.springframework.boot.web.embedded.tomcat.TomcatWebServer:206]-- Tomcat started on port(s): 8080 (http) with context path ''
[2018-06-13 19:01:45] [INFO ] [com.example.demo.DemoApplication:59]-- Started DemoApplication in 3.511 seconds (JVM running for 4.407)
[2018-06-13 19:02:06] [INFO ] [org.apache.catalina.core.ContainerBase.[Tomcat].[localhost].[/]:180]-- Initializing Spring FrameworkServlet 'dispatcherServlet'
[2018-06-13 19:02:06] [INFO ] [org.springframework.web.servlet.DispatcherServlet:494]-- FrameworkServlet 'dispatcherServlet': initialization started
[2018-06-13 19:02:06] [INFO ] [org.springframework.web.servlet.DispatcherServlet:509]-- FrameworkServlet 'dispatcherServlet': initialization completed in 21 ms
[2018-06-13 19:02:06] [INFO ] [com.example.demo.controller.FtpController:90]-- qqqq
[2018-06-13 19:02:06] [ERROR] [com.example.demo.controller.FtpController:91]-- aaaa
[2018-06-13 09:04:54] [INFO ] [org.springframework.boot.web.servlet.context.AnnotationConfigServletWebServerApplicationContext:993]-- Closing org.springframework.boot.web.servlet.context.AnnotationConfigServletWebServerApplicationContext@10ded6a9: startup date [Wed Jun 13 19:01:43 CST 2018]; root of context hierarchy
[2018-06-13 09:04:54] [INFO ] [org.springframework.jmx.export.annotation.AnnotationMBeanExporter:451]-- Unregistering JMX-exposed beans on shutdown
[2018-06-13 09:04:54] [INFO ] [org.springframework.jmx.export.annotation.AnnotationMBeanExporter:183]-- Unregistering JMX-exposed beans
[2018-06-13 09:04:57] [INFO ] [com.example.demo.DemoApplication:50]-- Starting DemoApplication on bogon with PID 2153 (started by sunow in /Users/sunow/学习/code/study/ftpserver)
[2018-06-13 09:04:57] [INFO ] [com.example.demo.DemoApplication:659]-- No active profile set, falling back to default profiles: default
[2018-06-13 09:04:57] [INFO ] [org.springframework.boot.web.servlet.context.AnnotationConfigServletWebServerApplicationContext:590]-- Refreshing org.springframework.boot.web.servlet.context.AnnotationConfigServletWebServerApplicationContext@710f4dc7: startup date [Wed Jun 13 09:04:57 CST 2018]; root of context hierarchy
[2018-06-13 09:04:58] [INFO ] [org.springframework.boot.web.embedded.tomcat.TomcatWebServer:91]-- Tomcat initialized with port(s): 8080 (http)
[2018-06-13 09:04:58] [INFO ] [org.apache.coyote.http11.Http11NioProtocol:180]-- Initializing ProtocolHandler ["http-nio-8080"]
[2018-06-13 09:04:58] [INFO ] [org.apache.catalina.core.StandardService:180]-- Starting service [Tomcat]
[2018-06-13 09:04:58] [INFO ] [org.apache.catalina.core.StandardEngine:180]-- Starting Servlet Engine: Apache Tomcat/8.5.31
[2018-06-13 09:04:58] [INFO ] [org.apache.catalina.core.AprLifecycleListener:180]-- The APR based Apache Tomcat Native library which allows optimal performance in production environments was not found on the java.library.path: [/Users/sunow/Library/Java/Extensions:/Library/Java/Extensions:/Network/Library/Java/Extensions:/System/Library/Java/Extensions:/usr/lib/java:.]
[2018-06-13 09:04:58] [INFO ] [org.apache.catalina.core.ContainerBase.[Tomcat].[localhost].[/]:180]-- Initializing Spring embedded WebApplicationContext
[2018-06-13 09:04:58] [INFO ] [org.springframework.web.context.ContextLoader:285]-- Root WebApplicationContext: initialization completed in 1294 ms
[2018-06-13 09:04:58] [INFO ] [org.springframework.boot.web.servlet.ServletRegistrationBean:185]-- Servlet dispatcherServlet mapped to [/]
[2018-06-13 09:04:58] [INFO ] [org.springframework.boot.web.servlet.FilterRegistrationBean:244]-- Mapping filter: 'characterEncodingFilter' to: [/*]
[2018-06-13 09:04:58] [INFO ] [org.springframework.boot.web.servlet.FilterRegistrationBean:244]-- Mapping filter: 'hiddenHttpMethodFilter' to: [/*]
[2018-06-13 09:04:58] [INFO ] [org.springframework.boot.web.servlet.FilterRegistrationBean:244]-- Mapping filter: 'httpPutFormContentFilter' to: [/*]
[2018-06-13 09:04:58] [INFO ] [org.springframework.boot.web.servlet.FilterRegistrationBean:244]-- Mapping filter: 'requestContextFilter' to: [/*]
[2018-06-13 09:04:59] [INFO ] [org.springframework.web.servlet.handler.SimpleUrlHandlerMapping:373]-- Mapped URL path [/**/favicon.ico] onto handler of type [class org.springframework.web.servlet.resource.ResourceHttpRequestHandler]
[2018-06-13 09:04:59] [INFO ] [org.springframework.web.servlet.mvc.method.annotation.RequestMappingHandlerAdapter:574]-- Looking for @ControllerAdvice: org.springframework.boot.web.servlet.context.AnnotationConfigServletWebServerApplicationContext@710f4dc7: startup date [Wed Jun 13 09:04:57 CST 2018]; root of context hierarchy
[2018-06-13 09:04:59] [INFO ] [org.springframework.web.servlet.mvc.method.annotation.RequestMappingHandlerMapping:547]-- Mapped "{[/ftp/test],methods=[POST || GET]}" onto public void com.example.demo.controller.FtpController.test()
[2018-06-13 09:04:59] [INFO ] [org.springframework.web.servlet.mvc.method.annotation.RequestMappingHandlerMapping:547]-- Mapped "{[/ftp/uploadFileTest],methods=[POST || GET]}" onto public java.lang.String com.example.demo.controller.FtpController.uploadFileTest(org.springframework.web.multipart.MultipartFile)
[2018-06-13 09:04:59] [INFO ] [org.springframework.web.servlet.mvc.method.annotation.RequestMappingHandlerMapping:547]-- Mapped "{[/ftp/uploadFile],methods=[POST || GET]}" onto public com.example.demo.conf.FastdfsResults com.example.demo.controller.FtpController.uploadFile(javax.servlet.http.HttpServletRequest,javax.servlet.http.HttpServletResponse) throws java.io.IOException
[2018-06-13 09:04:59] [INFO ] [org.springframework.web.servlet.mvc.method.annotation.RequestMappingHandlerMapping:547]-- Mapped "{[/error]}" onto public org.springframework.http.ResponseEntity<java.util.Map<java.lang.String, java.lang.Object>> org.springframework.boot.autoconfigure.web.servlet.error.BasicErrorController.error(javax.servlet.http.HttpServletRequest)
[2018-06-13 09:04:59] [INFO ] [org.springframework.web.servlet.mvc.method.annotation.RequestMappingHandlerMapping:547]-- Mapped "{[/error],produces=[text/html]}" onto public org.springframework.web.servlet.ModelAndView org.springframework.boot.autoconfigure.web.servlet.error.BasicErrorController.errorHtml(javax.servlet.http.HttpServletRequest,javax.servlet.http.HttpServletResponse)
[2018-06-13 09:04:59] [INFO ] [org.springframework.web.servlet.handler.SimpleUrlHandlerMapping:373]-- Mapped URL path [/webjars/**] onto handler of type [class org.springframework.web.servlet.resource.ResourceHttpRequestHandler]
[2018-06-13 09:04:59] [INFO ] [org.springframework.web.servlet.handler.SimpleUrlHandlerMapping:373]-- Mapped URL path [/**] onto handler of type [class org.springframework.web.servlet.resource.ResourceHttpRequestHandler]
[2018-06-13 09:04:59] [INFO ] [org.springframework.jmx.export.annotation.AnnotationMBeanExporter:433]-- Registering beans for JMX exposure on startup
[2018-06-13 09:04:59] [INFO ] [org.springframework.jmx.export.annotation.AnnotationMBeanExporter:895]-- Bean with name 'dataSource' has been autodetected for JMX exposure
[2018-06-13 09:04:59] [INFO ] [org.springframework.jmx.export.annotation.AnnotationMBeanExporter:668]-- Located MBean 'dataSource': registering with JMX server as MBean [com.zaxxer.hikari:name=dataSource,type=HikariDataSource]
[2018-06-13 09:04:59] [INFO ] [org.apache.coyote.http11.Http11NioProtocol:180]-- Starting ProtocolHandler ["http-nio-8080"]
[2018-06-13 09:04:59] [INFO ] [org.apache.tomcat.util.net.NioSelectorPool:180]-- Using a shared selector for servlet write/read
[2018-06-13 09:04:59] [INFO ] [org.springframework.boot.web.embedded.tomcat.TomcatWebServer:206]-- Tomcat started on port(s): 8080 (http) with context path ''
[2018-06-13 09:04:59] [INFO ] [com.example.demo.DemoApplication:59]-- Started DemoApplication in 3.484 seconds (JVM running for 4.527)
[2018-06-13 09:06:00] [INFO ] [org.apache.catalina.core.ContainerBase.[Tomcat].[localhost].[/]:180]-- Initializing Spring FrameworkServlet 'dispatcherServlet'
[2018-06-13 09:06:00] [INFO ] [org.springframework.web.servlet.DispatcherServlet:494]-- FrameworkServlet 'dispatcherServlet': initialization started
[2018-06-13 09:06:00] [INFO ] [org.springframework.web.servlet.DispatcherServlet:509]-- FrameworkServlet 'dispatcherServlet': initialization completed in 14 ms
[2018-06-13 09:06:09] [INFO ] [com.example.demo.controller.FtpController:90]-- qqqq
[2018-06-13 09:06:09] [ERROR] [com.example.demo.controller.FtpController:91]-- aaaa
[2018-06-13 09:06:48] [INFO ] [org.springframework.boot.web.servlet.context.AnnotationConfigServletWebServerApplicationContext:993]-- Closing org.springframework.boot.web.servlet.context.AnnotationConfigServletWebServerApplicationContext@710f4dc7: startup date [Wed Jun 13 09:04:57 CST 2018]; root of context hierarchy
[2018-06-13 09:06:48] [INFO ] [org.springframework.jmx.export.annotation.AnnotationMBeanExporter:451]-- Unregistering JMX-exposed beans on shutdown
[2018-06-13 09:06:48] [INFO ] [org.springframework.jmx.export.annotation.AnnotationMBeanExporter:183]-- Unregistering JMX-exposed beans
[2018-06-13 17:50:04] [INFO ] [com.example.demo.DemoApplicationTests:50]-- Starting DemoApplicationTests on bogon with PID 5833 (started by sunow in /Users/sunow/学习/code/study/ftpserver)
[2018-06-13 17:50:04] [INFO ] [com.example.demo.DemoApplicationTests:659]-- No active profile set, falling back to default profiles: default
[2018-06-13 17:50:04] [INFO ] [org.springframework.web.context.support.GenericWebApplicationContext:590]-- Refreshing org.springframework.web.context.support.GenericWebApplicationContext@1722011b: startup date [Wed Jun 13 17:50:04 CST 2018]; root of context hierarchy
[2018-06-13 17:50:06] [INFO ] [org.springframework.web.servlet.handler.SimpleUrlHandlerMapping:373]-- Mapped URL path [/**/favicon.ico] onto handler of type [class org.springframework.web.servlet.resource.ResourceHttpRequestHandler]
[2018-06-13 17:50:06] [INFO ] [org.springframework.web.servlet.mvc.method.annotation.RequestMappingHandlerAdapter:574]-- Looking for @ControllerAdvice: org.springframework.web.context.support.GenericWebApplicationContext@1722011b: startup date [Wed Jun 13 17:50:04 CST 2018]; root of context hierarchy
[2018-06-13 17:50:06] [INFO ] [org.springframework.web.servlet.mvc.method.annotation.RequestMappingHandlerMapping:547]-- Mapped "{[/ftp/uploadFile],methods=[POST || GET]}" onto public com.example.demo.conf.FastdfsResults com.example.demo.controller.FtpController.uploadFile(javax.servlet.http.HttpServletRequest,javax.servlet.http.HttpServletResponse) throws java.io.IOException
[2018-06-13 17:50:06] [INFO ] [org.springframework.web.servlet.mvc.method.annotation.RequestMappingHandlerMapping:547]-- Mapped "{[/ftp/uploadFileTest],methods=[POST || GET]}" onto public java.lang.String com.example.demo.controller.FtpController.uploadFileTest(org.springframework.web.multipart.MultipartFile)
[2018-06-13 17:50:06] [INFO ] [org.springframework.web.servlet.mvc.method.annotation.RequestMappingHandlerMapping:547]-- Mapped "{[/error]}" onto public org.springframework.http.ResponseEntity<java.util.Map<java.lang.String, java.lang.Object>> org.springframework.boot.autoconfigure.web.servlet.error.BasicErrorController.error(javax.servlet.http.HttpServletRequest)
[2018-06-13 17:50:06] [INFO ] [org.springframework.web.servlet.mvc.method.annotation.RequestMappingHandlerMapping:547]-- Mapped "{[/error],produces=[text/html]}" onto public org.springframework.web.servlet.ModelAndView org.springframework.boot.autoconfigure.web.servlet.error.BasicErrorController.errorHtml(javax.servlet.http.HttpServletRequest,javax.servlet.http.HttpServletResponse)
[2018-06-13 17:50:06] [INFO ] [org.springframework.web.servlet.handler.SimpleUrlHandlerMapping:373]-- Mapped URL path [/webjars/**] onto handler of type [class org.springframework.web.servlet.resource.ResourceHttpRequestHandler]
[2018-06-13 17:50:06] [INFO ] [org.springframework.web.servlet.handler.SimpleUrlHandlerMapping:373]-- Mapped URL path [/**] onto handler of type [class org.springframework.web.servlet.resource.ResourceHttpRequestHandler]
[2018-06-13 17:50:07] [INFO ] [com.example.demo.DemoApplicationTests:59]-- Started DemoApplicationTests in 2.9 seconds (JVM running for 3.796)
[2018-06-13 17:50:07] [INFO ] [org.springframework.web.context.support.GenericWebApplicationContext:993]-- Closing org.springframework.web.context.support.GenericWebApplicationContext@1722011b: startup date [Wed Jun 13 17:50:04 CST 2018]; root of context hierarchy
[2018-06-13 18:04:06] [INFO ] [com.example.demo.DemoApplicationTests:50]-- Starting DemoApplicationTests on bogon with PID 6669 (started by sunow in /Users/sunow/学习/code/study/ftpserver)
[2018-06-13 18:04:06] [INFO ] [com.example.demo.DemoApplicationTests:659]-- No active profile set, falling back to default profiles: default
[2018-06-13 18:04:06] [INFO ] [org.springframework.web.context.support.GenericWebApplicationContext:590]-- Refreshing org.springframework.web.context.support.GenericWebApplicationContext@6e15fe2: startup date [Wed Jun 13 18:04:06 CST 2018]; root of context hierarchy
[2018-06-13 18:04:07] [INFO ] [org.springframework.web.servlet.handler.SimpleUrlHandlerMapping:373]-- Mapped URL path [/**/favicon.ico] onto handler of type [class org.springframework.web.servlet.resource.ResourceHttpRequestHandler]
[2018-06-13 18:04:08] [INFO ] [org.springframework.web.servlet.mvc.method.annotation.RequestMappingHandlerAdapter:574]-- Looking for @ControllerAdvice: org.springframework.web.context.support.GenericWebApplicationContext@6e15fe2: startup date [Wed Jun 13 18:04:06 CST 2018]; root of context hierarchy
[2018-06-13 18:04:08] [INFO ] [org.springframework.web.servlet.mvc.method.annotation.RequestMappingHandlerMapping:547]-- Mapped "{[/ftp/uploadFile],methods=[POST || GET]}" onto public com.example.demo.conf.FastdfsResults com.example.demo.controller.FtpController.uploadFile(javax.servlet.http.HttpServletRequest,javax.servlet.http.HttpServletResponse) throws java.io.IOException
[2018-06-13 18:04:08] [INFO ] [org.springframework.web.servlet.mvc.method.annotation.RequestMappingHandlerMapping:547]-- Mapped "{[/ftp/uploadFileTest],methods=[POST || GET]}" onto public java.lang.String com.example.demo.controller.FtpController.uploadFileTest(org.springframework.web.multipart.MultipartFile)
[2018-06-13 18:04:08] [INFO ] [org.springframework.web.servlet.mvc.method.annotation.RequestMappingHandlerMapping:547]-- Mapped "{[/error]}" onto public org.springframework.http.ResponseEntity<java.util.Map<java.lang.String, java.lang.Object>> org.springframework.boot.autoconfigure.web.servlet.error.BasicErrorController.error(javax.servlet.http.HttpServletRequest)
[2018-06-13 18:04:08] [INFO ] [org.springframework.web.servlet.mvc.method.annotation.RequestMappingHandlerMapping:547]-- Mapped "{[/error],produces=[text/html]}" onto public org.springframework.web.servlet.ModelAndView org.springframework.boot.autoconfigure.web.servlet.error.BasicErrorController.errorHtml(javax.servlet.http.HttpServletRequest,javax.servlet.http.HttpServletResponse)
[2018-06-13 18:04:08] [INFO ] [org.springframework.web.servlet.handler.SimpleUrlHandlerMapping:373]-- Mapped URL path [/webjars/**] onto handler of type [class org.springframework.web.servlet.resource.ResourceHttpRequestHandler]
[2018-06-13 18:04:08] [INFO ] [org.springframework.web.servlet.handler.SimpleUrlHandlerMapping:373]-- Mapped URL path [/**] onto handler of type [class org.springframework.web.servlet.resource.ResourceHttpRequestHandler]
[2018-06-13 18:04:08] [INFO ] [com.example.demo.DemoApplicationTests:59]-- Started DemoApplicationTests in 2.816 seconds (JVM running for 3.756)
[2018-06-13 18:04:08] [INFO ] [org.springframework.web.context.support.GenericWebApplicationContext:993]-- Closing org.springframework.web.context.support.GenericWebApplicationContext@6e15fe2: startup date [Wed Jun 13 18:04:06 CST 2018]; root of context hierarchy
